<?xml version="1.0" encoding="UTF-8"?>
<testng-results total="1" passed="1" failed="0" skipped="0">
  <reporter-output>
  </reporter-output>
  <suite started-at="2019-02-02T00:24:36Z" name="Default suite" finished-at="2019-02-02T00:25:07Z" duration-ms="30987">
    <groups>
    </groups>
    <test started-at="2019-02-02T00:24:36Z" name="Default test" finished-at="2019-02-02T00:25:07Z" duration-ms="30987">
      <class name="com.rohini.automation.mbile.DemoTest">
        <test-method is-config="true" signature="setUp()[pri:0, instance:com.rohini.automation.mbile.DemoTest@2eae8e6e]" started-at="2019-02-01T16:24:36Z" name="setUp" finished-at="2019-02-01T16:24:59Z" duration-ms="22807" status="PASS">
          <reporter-output>
          </reporter-output>
        </test-method> <!-- setUp -->
        <test-method is-config="true" signature="beforeMethod()[pri:0, instance:com.rohini.automation.mbile.DemoTest@2eae8e6e]" started-at="2019-02-01T16:24:59Z" name="beforeMethod" finished-at="2019-02-01T16:25:06Z" duration-ms="7216" status="PASS">
          <reporter-output>
          </reporter-output>
        </test-method> <!-- beforeMethod -->
        <test-method signature="demoTest_1()[pri:0, instance:com.rohini.automation.mbile.DemoTest@2eae8e6e]" started-at="2019-02-01T16:25:06Z" name="demoTest_1" finished-at="2019-02-01T16:25:06Z" duration-ms="5" status="PASS">
          <reporter-output>
          </reporter-output>
        </test-method> <!-- demoTest_1 -->
        <test-method is-config="true" signature="afterMethod(org.testng.ITestResult)[pri:0, instance:com.rohini.automation.mbile.DemoTest@2eae8e6e]" started-at="2019-02-01T16:25:06Z" name="afterMethod" finished-at="2019-02-01T16:25:07Z" duration-ms="948" status="PASS">
          <params>
            <param index="0">
              <value>
                <![CDATA[[TestResult name=demoTest_1 status=SUCCESS method=DemoTest.demoTest_1()[pri:0, instance:com.rohini.automation.mbile.DemoTest@2eae8e6e] output={null}]]]>
              </value>
            </param>
          </params>
          <reporter-output>
          </reporter-output>
        </test-method> <!-- afterMethod -->
      </class> <!-- com.rohini.automation.mbile.DemoTest -->
    </test> <!-- Default test -->
  </suite> <!-- Default suite -->
</testng-results>
